<?xml version="1.0" encoding="UTF-8"?>
<testsuite xmlns:xsi="http://www.w3.org/2001/XMLSchema-instance" xsi:noNamespaceSchemaLocation="https://maven.apache.org/surefire/maven-surefire-plugin/xsd/surefire-test-report-3.0.xsd" version="3.0" name="com.esprit.pi_project.PiProjectApplicationTests" time="7.009" tests="1" errors="0" skipped="0" failures="0">
  <properties>
[...]
</properties>
  <testcase name="contextLoads" classname="com.esprit.pi_project.PiProjectApplicationTests" time="0.521">
    <system-out><![CDATA[21:14:37.530 [main] INFO org.springframework.test.context.support.AnnotationConfigContextLoaderUtils -- Could not detect default configuration classes for test class [com.esprit.pi_project.PiProjectApplicationTests]: PiProjectApplicationTests does not declare any static, non-private, non-final, nested classes annotated with @Configuration.
21:14:37.653 [main] INFO org.springframework.boot.test.context.SpringBootTestContextBootstrapper -- Found @SpringBootConfiguration com.esprit.pi_project.PiProjectApplication for test class com.esprit.pi_project.PiProjectApplicationTests

  .   ____          _            __ _ _
 /\\ / ___'_ __ _ _(_)_ __  __ _ \ \ \ \
( ( )\___ | '_ | '_| | '_ \/ _` | \ \ \ \
 \\/  ___)| |_)| | | | | || (_| |  ) ) ) )
  '  |____| .__|_| |_|_| |_\__, | / / / /
 =========|_|==============|___/=/_/_/_/
 :: Spring Boot ::                (v3.2.3)

2024-03-24T21:14:38.074Z  INFO 2188 --- [pi_project] [           main] c.e.p.PiProjectApplicationTests          : Starting PiProjectApplicationTests using Java 21.0.2 with PID 2188 (started by Sadok in C:\Users\Sadok\OneDrive - ESPRIT\Desktop\pi_projects_4th_year)
2024-03-24T21:14:38.076Z  INFO 2188 --- [pi_project] [           main] c.e.p.PiProjectApplicationTests          : No active profile set, falling back to 1 default profile: "default"
2024-03-24T21:14:39.183Z  INFO 2188 --- [pi_project] [           main] .s.d.r.c.RepositoryConfigurationDelegate : Bootstrapping Spring Data JPA repositories in DEFAULT mode.
2024-03-24T21:14:39.268Z  INFO 2188 --- [pi_project] [           main] .s.d.r.c.RepositoryConfigurationDelegate : Finished Spring Data repository scanning in 75 ms. Found 10 JPA repository interfaces.
2024-03-24T21:14:39.859Z  INFO 2188 --- [pi_project] [           main] o.hibernate.jpa.internal.util.LogHelper  : HHH000204: Processing PersistenceUnitInfo [name: default]
2024-03-24T21:14:39.926Z  INFO 2188 --- [pi_project] [           main] org.hibernate.Version                    : HHH000412: Hibernate ORM core version 6.4.4.Final
2024-03-24T21:14:39.968Z  INFO 2188 --- [pi_project] [           main] o.h.c.internal.RegionFactoryInitiator    : HHH000026: Second-level cache disabled
2024-03-24T21:14:40.297Z  INFO 2188 --- [pi_project] [           main] o.s.o.j.p.SpringPersistenceUnitInfo      : No LoadTimeWeaver setup: ignoring JPA class transformer
2024-03-24T21:14:40.332Z  INFO 2188 --- [pi_project] [           main] com.zaxxer.hikari.HikariDataSource       : HikariPool-1 - Starting...
2024-03-24T21:14:40.514Z  INFO 2188 --- [pi_project] [           main] com.zaxxer.hikari.pool.HikariPool        : HikariPool-1 - Added connection com.mysql.cj.jdbc.ConnectionImpl@8af1c49
2024-03-24T21:14:40.516Z  INFO 2188 --- [pi_project] [           main] com.zaxxer.hikari.HikariDataSource       : HikariPool-1 - Start completed.
2024-03-24T21:14:40.574Z  WARN 2188 --- [pi_project] [           main] org.hibernate.dialect.Dialect            : HHH000511: The 5.5.0 version for [org.hibernate.dialect.MySQLDialect] is no longer supported, hence certain features may not work properly. The minimum supported version is 8.0.0. Check the community dialects project for available legacy versions.
2024-03-24T21:14:41.818Z  INFO 2188 --- [pi_project] [           main] o.h.e.t.j.p.i.JtaPlatformInitiator       : HHH000489: No JTA platform available (set 'hibernate.transaction.jta.platform' to enable JTA platform integration)
2024-03-24T21:14:42.168Z  INFO 2188 --- [pi_project] [           main] j.LocalContainerEntityManagerFactoryBean : Initialized JPA EntityManagerFactory for persistence unit 'default'
2024-03-24T21:14:42.983Z  WARN 2188 --- [pi_project] [           main] JpaBaseConfiguration$JpaWebConfiguration : spring.jpa.open-in-view is enabled by default. Therefore, database queries may be performed during view rendering. Explicitly configure spring.jpa.open-in-view to disable this warning
2024-03-24T21:14:43.377Z  INFO 2188 --- [pi_project] [           main] o.s.s.web.DefaultSecurityFilterChain     : Will secure any request with [org.springframework.security.web.session.DisableEncodeUrlFilter@5eba0cc5, org.springframework.security.web.context.request.async.WebAsyncManagerIntegrationFilter@5fb392e, org.springframework.security.web.context.SecurityContextHolderFilter@7f514dfe, org.springframework.security.web.header.HeaderWriterFilter@77217c17, org.springframework.web.filter.CorsFilter@19e67cc2, org.springframework.security.web.authentication.logout.LogoutFilter@6894d28d, com.esprit.pi_project.config.JwtAuthentifcationFilter@25502b1c, org.springframework.security.web.savedrequest.RequestCacheAwareFilter@3f33c5e4, org.springframework.security.web.servletapi.SecurityContextHolderAwareRequestFilter@258ff54a, org.springframework.security.web.authentication.AnonymousAuthenticationFilter@62525579, org.springframework.security.web.session.SessionManagementFilter@6c165921, org.springframework.security.web.access.ExceptionTranslationFilter@5c0d876c, org.springframework.security.web.access.intercept.FilterSecurityInterceptor@64657b13]
2024-03-24T21:14:43.802Z  INFO 2188 --- [pi_project] [           main] c.e.p.PiProjectApplicationTests          : Started PiProjectApplicationTests in 5.987 seconds (process running for 7.19)
]]></system-out>
    <system-err><![CDATA[WARNING: A Java agent has been loaded dynamically (C:\Users\Sadok\.m2\repository\net\bytebuddy\byte-buddy-agent\1.14.12\byte-buddy-agent-1.14.12.jar)
WARNING: If a serviceability tool is in use, please run with -XX:+EnableDynamicAgentLoading to hide this warning
WARNING: If a serviceability tool is not in use, please run with -Djdk.instrument.traceUsage for more information
WARNING: Dynamic loading of agents will be disallowed by default in a future release
]]></system-err>
  </testcase>
</testsuite>